<?xml version="1.0" encoding="UTF-8"?>
<!-- Generated by org.testng.reporters.JUnitReportReporter -->
<testsuite skipped="0" hostname="DESKTOP-6H7S8F8" name="AL1WhiteNG" tests="28" failures="0" timestamp="30 мая 2017 14:37:05 GMT" time="0.075" errors="0">
  <testcase name="testHalfReverse_manyEven" time="0.002" classname="AL1WhiteNG"/>
  <testcase name="testAddPos_many_Ex" time="0.001" classname="AL1WhiteNG"/>
  <testcase name="testDelEnd_many" time="0.001" classname="AL1WhiteNG"/>
  <testcase name="testDelPos_many_2" time="0.008" classname="AL1WhiteNG"/>
  <testcase name="testDelStart_many" time="0.002" classname="AL1WhiteNG"/>
  <testcase name="testMin_many" time="0.001" classname="AL1WhiteNG"/>
  <testcase name="testHalfReverse_manyOdd" time="0.002" classname="AL1WhiteNG"/>
  <testcase name="testMax_many" time="0.001" classname="AL1WhiteNG"/>
  <testcase name="testAddPos_many" time="0.002" classname="AL1WhiteNG"/>
  <testcase name="testGet_many_ex" time="0.002" classname="AL1WhiteNG"/>
  <testcase name="testAddStart_9" time="0.003" classname="AL1WhiteNG"/>
  <testcase name="testReverse_many" time="0.003" classname="AL1WhiteNG"/>
  <testcase name="testSort_many" time="0.002" classname="AL1WhiteNG"/>
  <testcase name="testAddEnd_9" time="0.002" classname="AL1WhiteNG"/>
  <testcase name="testMinIndex_many" time="0.001" classname="AL1WhiteNG"/>
  <testcase name="testInit_many" time="0.002" classname="AL1WhiteNG"/>
  <testcase name="testGet_many_1" time="0.008" classname="AL1WhiteNG"/>
  <testcase name="testDelPos_many_ex" time="0.008" classname="AL1WhiteNG"/>
  <testcase name="testAddPos_9" time="0.004" classname="AL1WhiteNG"/>
  <testcase name="testDelPos_many_1" time="0.001" classname="AL1WhiteNG"/>
  <testcase name="testSet_many_ex" time="0.001" classname="AL1WhiteNG"/>
  <testcase name="testToString_many" time="0.002" classname="AL1WhiteNG"/>
  <testcase name="testClear_many" time="0.004" classname="AL1WhiteNG"/>
  <testcase name="testDelPos_many_3" time="0.002" classname="AL1WhiteNG"/>
  <testcase name="testMaxIndex_many" time="0.004" classname="AL1WhiteNG"/>
  <testcase name="testSet_many_1" time="0.003" classname="AL1WhiteNG"/>
  <testcase name="testAddStart_many" time="0.002" classname="AL1WhiteNG"/>
  <testcase name="testAddEnd_many" time="0.001" classname="AL1WhiteNG"/>
</testsuite> <!-- AL1WhiteNG -->
