<?xml version="1.0" encoding="UTF-8"?>
<!-- Generated by org.testng.reporters.JUnitReportReporter -->
<testsuite skipped="0" hostname="DESKTOP-6H7S8F8" name="LList2WhiteNG" tests="44" failures="0" timestamp="05 июн 2017 13:06:54 GMT" time="0.186" errors="0">
  <testcase name="testDelEnd_1" time="0.002" classname="LList2WhiteNG"/>
  <testcase name="testAddStart_0" time="0.001" classname="LList2WhiteNG"/>
  <testcase name="testInt_1" time="0.001" classname="LList2WhiteNG"/>
  <testcase name="testAddStart_many" time="0.001" classname="LList2WhiteNG"/>
  <testcase name="testAddPos_1_End" time="0.001" classname="LList2WhiteNG"/>
  <testcase name="testDelPos_many_2" time="0.028" classname="LList2WhiteNG"/>
  <testcase name="testSort_2" time="0.001" classname="LList2WhiteNG"/>
  <testcase name="testsort_many_again" time="0.003" classname="LList2WhiteNG"/>
  <testcase name="testhalfReverse_many" time="0.001" classname="LList2WhiteNG"/>
  <testcase name="testAddEnd_1" time="0.001" classname="LList2WhiteNG"/>
  <testcase name="testReverse_many" time="0.001" classname="LList2WhiteNG"/>
  <testcase name="testDellStart_2" time="0.001" classname="LList2WhiteNG"/>
  <testcase name="testhalfReverse_many_even" time="0.003" classname="LList2WhiteNG"/>
  <testcase name="testAddStart_2" time="0.001" classname="LList2WhiteNG"/>
  <testcase name="testDellStart_1" time="0.002" classname="LList2WhiteNG"/>
  <testcase name="testReverse_1" time="0.001" classname="LList2WhiteNG"/>
  <testcase name="testAddPos_1_Start" time="0.002" classname="LList2WhiteNG"/>
  <testcase name="testDelPos_1_2" time="0.004" classname="LList2WhiteNG"/>
  <testcase name="testReverse_2" time="0.001" classname="LList2WhiteNG"/>
  <testcase name="testAddEnd_many" time="0.003" classname="LList2WhiteNG"/>
  <testcase name="testReverse_0" time="0.010" classname="LList2WhiteNG"/>
  <testcase name="testAddStart_1" time="0.007" classname="LList2WhiteNG"/>
  <testcase name="testInt_null" time="0.002" classname="LList2WhiteNG"/>
  <testcase name="testDelEnd_2" time="0.001" classname="LList2WhiteNG"/>
  <testcase name="testDelPos_2_3" time="0.003" classname="LList2WhiteNG"/>
  <testcase name="testToArray_many" time="0.001" classname="LList2WhiteNG"/>
  <testcase name="testSort_0" time="0.002" classname="LList2WhiteNG"/>
  <testcase name="testHalfReverse_0" time="0.004" classname="LList2WhiteNG"/>
  <testcase name="testDelEnd_many" time="0.002" classname="LList2WhiteNG"/>
  <testcase name="testAddEnd_0" time="0.003" classname="LList2WhiteNG"/>
  <testcase name="testDelPos_many_1" time="0.001" classname="LList2WhiteNG"/>
  <testcase name="testAddEnd_2" time="0.004" classname="LList2WhiteNG"/>
  <testcase name="testAddPos_2_End" time="0.007" classname="LList2WhiteNG"/>
  <testcase name="testToArray_2" time="0.036" classname="LList2WhiteNG"/>
  <testcase name="testHalfReverse_1" time="0.002" classname="LList2WhiteNG"/>
  <testcase name="testDelPos_2_2" time="0.010" classname="LList2WhiteNG"/>
  <testcase name="testSort_3" time="0.015" classname="LList2WhiteNG"/>
  <testcase name="testInt_0" time="0.002" classname="LList2WhiteNG"/>
  <testcase name="testDellstart_many" time="0.001" classname="LList2WhiteNG"/>
  <testcase name="testDelPos_many_3" time="0.002" classname="LList2WhiteNG"/>
  <testcase name="testHalfReverse_2" time="0.001" classname="LList2WhiteNG"/>
  <testcase name="testsort_many" time="0.008" classname="LList2WhiteNG"/>
  <testcase name="testSort_1" time="0.002" classname="LList2WhiteNG"/>
  <testcase name="testAddPos_many" time="0.001" classname="LList2WhiteNG"/>
</testsuite> <!-- LList2WhiteNG -->
