<?xml version="1.0" encoding="UTF-8"?>
<!-- Generated by org.testng.reporters.JUnitReportReporter -->
<testsuite skipped="0" hostname="DESKTOP-6H7S8F8" name="AListAllTestNG" tests="243" failures="0" timestamp="05 июн 2017 13:06:54 GMT" time="2.390" errors="0">
  <testcase name="testSet_2_3" time="0.005" classname="AListAllTestNG"/>
  <testcase name="testAddEnd_0" time="0.004" classname="AListAllTestNG"/>
  <testcase name="testReverse_2" time="0.001" classname="AListAllTestNG"/>
  <testcase name="testSet_1_1" time="0.004" classname="AListAllTestNG"/>
  <testcase name="testGet_many_ex" time="0.003" classname="AListAllTestNG"/>
  <testcase name="testDelEnd_many" time="0.004" classname="AListAllTestNG"/>
  <testcase name="testDelPos_many_1" time="0.003" classname="AListAllTestNG"/>
  <testcase name="testAddPos_1_Start" time="0.002" classname="AListAllTestNG"/>
  <testcase name="testDelPos_many_2" time="0.003" classname="AListAllTestNG"/>
  <testcase name="testDelPos_2_1" time="0.006" classname="AListAllTestNG"/>
  <testcase name="testSet_1_2" time="0.001" classname="AListAllTestNG"/>
  <testcase name="testGet_2_1" time="0.001" classname="AListAllTestNG"/>
  <testcase name="testMin_2" time="0.006" classname="AListAllTestNG"/>
  <testcase name="testReverse_0" time="0.001" classname="AListAllTestNG"/>
  <testcase name="testToString_2" time="0.008" classname="AListAllTestNG"/>
  <testcase name="testAddEnd_2" time="0.031" classname="AListAllTestNG"/>
  <testcase name="testSort_1" time="0.004" classname="AListAllTestNG"/>
  <testcase name="testAddStart_0" time="0.012" classname="AListAllTestNG"/>
  <testcase name="testHalfReverse_0" time="0.002" classname="AListAllTestNG"/>
  <testcase name="testMaxInd_0_ex" time="0.043" classname="AListAllTestNG"/>
  <testcase name="testDelEnd_0" time="0.004" classname="AListAllTestNG"/>
  <testcase name="testMaxInd_many" time="0.001" classname="AListAllTestNG"/>
  <testcase name="testAddPos_many" time="0.006" classname="AListAllTestNG"/>
  <testcase name="testSet_many_ex" time="0.001" classname="AListAllTestNG"/>
  <testcase name="testDelPos_many_1" time="0.006" classname="AListAllTestNG"/>
  <testcase name="testHalfReverse_1" time="0.002" classname="AListAllTestNG"/>
  <testcase name="testDelEnd_0" time="0.003" classname="AListAllTestNG"/>
  <testcase name="testdelEnd_1" time="0.002" classname="AListAllTestNG"/>
  <testcase name="testDelPos_1_1" time="0.002" classname="AListAllTestNG"/>
  <testcase name="testHalfReverse_2" time="0.001" classname="AListAllTestNG"/>
  <testcase name="testMaxInd_1" time="0.004" classname="AListAllTestNG"/>
  <testcase name="testMin_many" time="0.002" classname="AListAllTestNG"/>
  <testcase name="testAddPos_0_ex" time="0.075" classname="AListAllTestNG"/>
  <testcase name="testMax_2" time="0.002" classname="AListAllTestNG"/>
  <testcase name="testAddPos_2_End" time="0.036" classname="AListAllTestNG"/>
  <testcase name="testhalfReverse_many" time="0.004" classname="AListAllTestNG"/>
  <testcase name="testSet_many_1" time="0.004" classname="AListAllTestNG"/>
  <testcase name="testMaxInd_many" time="0.001" classname="AListAllTestNG"/>
  <testcase name="testMaxInd_0_ex" time="0.043" classname="AListAllTestNG"/>
  <testcase name="testMax_2" time="0.003" classname="AListAllTestNG"/>
  <testcase name="testDelPos_2_1" time="0.009" classname="AListAllTestNG"/>
  <testcase name="testdelStart_1" time="0.003" classname="AListAllTestNG"/>
  <testcase name="testMin_1" time="0.104" classname="AListAllTestNG"/>
  <testcase name="testMaxInd_1" time="0.001" classname="AListAllTestNG"/>
  <testcase name="testMin_many" time="0.001" classname="AListAllTestNG"/>
  <testcase name="testGet_2_2" time="0.002" classname="AListAllTestNG"/>
  <testcase name="testMinInd_2" time="0.001" classname="AListAllTestNG"/>
  <testcase name="testMin_2" time="0.005" classname="AListAllTestNG"/>
  <testcase name="testSet_2_2" time="0.005" classname="AListAllTestNG"/>
  <testcase name="testAddStart_2" time="0.001" classname="AListAllTestNG"/>
  <testcase name="testMaxInd_2" time="0.001" classname="AListAllTestNG"/>
  <testcase name="testDelEndt_2" time="0.002" classname="AListAllTestNG"/>
  <testcase name="testMin_1" time="0.003" classname="AListAllTestNG"/>
  <testcase name="testToString_0" time="0.004" classname="AListAllTestNG"/>
  <testcase name="testAddPos_0_ex" time="0.015" classname="AListAllTestNG"/>
  <testcase name="testMin_many" time="0.001" classname="AListAllTestNG"/>
  <testcase name="testMax_0_ex" time="0.015" classname="AListAllTestNG"/>
  <testcase name="testSort_0" time="0.002" classname="AListAllTestNG"/>
  <testcase name="testToString_2" time="0.002" classname="AListAllTestNG"/>
  <testcase name="testDelPos_many_3" time="0.005" classname="AListAllTestNG"/>
  <testcase name="testSet_2_1" time="0.002" classname="AListAllTestNG"/>
  <testcase name="testSet_2_2" time="0.001" classname="AListAllTestNG"/>
  <testcase name="testGet_0" time="0.009" classname="AListAllTestNG"/>
  <testcase name="testGet_1_2" time="0.003" classname="AListAllTestNG"/>
  <testcase name="testReverse_1" time="0.002" classname="AListAllTestNG"/>
  <testcase name="testGet_many_1" time="0.002" classname="AListAllTestNG"/>
  <testcase name="testGet_1_1" time="0.007" classname="AListAllTestNG"/>
  <testcase name="testSet_many_1" time="0.001" classname="AListAllTestNG"/>
  <testcase name="testAddStart_2" time="0.012" classname="AListAllTestNG"/>
  <testcase name="testdelEnd_1" time="0.001" classname="AListAllTestNG"/>
  <testcase name="testMaxInd_2" time="0.004" classname="AListAllTestNG"/>
  <testcase name="testToString_1" time="0.008" classname="AListAllTestNG"/>
  <testcase name="testAddStart_many" time="0.023" classname="AListAllTestNG"/>
  <testcase name="testMax_1" time="0.005" classname="AListAllTestNG"/>
  <testcase name="testAddPos_1_End" time="0.002" classname="AListAllTestNG"/>
  <testcase name="testDelPos_2_2" time="0.064" classname="AListAllTestNG"/>
  <testcase name="testMin_2" time="0.001" classname="AListAllTestNG"/>
  <testcase name="testDelStart_2" time="0.004" classname="AListAllTestNG"/>
  <testcase name="testAddEnd_2" time="0.005" classname="AListAllTestNG"/>
  <testcase name="testDelPos_2_2" time="0.004" classname="AListAllTestNG"/>
  <testcase name="testDelStart_0" time="0.006" classname="AListAllTestNG"/>
  <testcase name="testGet_1_2" time="0.004" classname="AListAllTestNG"/>
  <testcase name="testAddEnd_1" time="0.005" classname="AListAllTestNG"/>
  <testcase name="testdelStart_1" time="0.002" classname="AListAllTestNG"/>
  <testcase name="testDelPos_many_2" time="0.003" classname="AListAllTestNG"/>
  <testcase name="testHalfReverse_1" time="0.016" classname="AListAllTestNG"/>
  <testcase name="testSet_many_ex" time="0.003" classname="AListAllTestNG"/>
  <testcase name="testDelPost_0" time="0.002" classname="AListAllTestNG"/>
  <testcase name="testAddEnd_1" time="0.004" classname="AListAllTestNG"/>
  <testcase name="testDelPos_1_1" time="0.275" classname="AListAllTestNG"/>
  <testcase name="testGet_0" time="0.005" classname="AListAllTestNG"/>
  <testcase name="testMaxInd_0_ex" time="0.002" classname="AListAllTestNG"/>
  <testcase name="testMinInd_0_ex" time="0.007" classname="AListAllTestNG"/>
  <testcase name="testToString_0" time="0.007" classname="AListAllTestNG"/>
  <testcase name="testAddPos_1" time="0.045" classname="AListAllTestNG"/>
  <testcase name="testDelPos_2_3" time="0.005" classname="AListAllTestNG"/>
  <testcase name="testDelStart_0" time="0.001" classname="AListAllTestNG"/>
  <testcase name="testAddStart_1" time="0.003" classname="AListAllTestNG"/>
  <testcase name="testMinInd_1" time="0.004" classname="AListAllTestNG"/>
  <testcase name="testAddStart_1" time="0.002" classname="AListAllTestNG"/>
  <testcase name="testMax_1" time="0.002" classname="AListAllTestNG"/>
  <testcase name="testHalfReverse_2" time="0.012" classname="AListAllTestNG"/>
  <testcase name="testDelPos_many_2" time="0.001" classname="AListAllTestNG"/>
  <testcase name="testToString_1" time="0.001" classname="AListAllTestNG"/>
  <testcase name="testDelStart_many" time="0.008" classname="AListAllTestNG"/>
  <testcase name="testDelPos_1_2" time="0.007" classname="AListAllTestNG"/>
  <testcase name="testDelPos_2_3" time="0.007" classname="AListAllTestNG"/>
  <testcase name="testMin_0_ex" time="0.001" classname="AListAllTestNG"/>
  <testcase name="testAddEnd_2" time="0.003" classname="AListAllTestNG"/>
  <testcase name="testAddStart_0" time="0.033" classname="AListAllTestNG"/>
  <testcase name="testDelEndt_2" time="0.014" classname="AListAllTestNG"/>
  <testcase name="testMinInd_many" time="0.001" classname="AListAllTestNG"/>
  <testcase name="testMax_many" time="0.003" classname="AListAllTestNG"/>
  <testcase name="testDelEnd_many" time="0.001" classname="AListAllTestNG"/>
  <testcase name="testMax_0_ex" time="0.007" classname="AListAllTestNG"/>
  <testcase name="testMinInd_2" time="0.010" classname="AListAllTestNG"/>
  <testcase name="testDelStart_many" time="0.004" classname="AListAllTestNG"/>
  <testcase name="testReverse_many" time="0.001" classname="AListAllTestNG"/>
  <testcase name="testDelPost_0" time="0.003" classname="AListAllTestNG"/>
  <testcase name="testDelStart_2" time="0.007" classname="AListAllTestNG"/>
  <testcase name="testMinInd_1" time="0.001" classname="AListAllTestNG"/>
  <testcase name="testDelStart_many" time="0.001" classname="AListAllTestNG"/>
  <testcase name="testReverse_0" time="0.001" classname="AListAllTestNG"/>
  <testcase name="testDelPos_many_ex" time="0.001" classname="AListAllTestNG"/>
  <testcase name="testhalfReverse_many" time="0.001" classname="AListAllTestNG"/>
  <testcase name="testMax_1" time="0.002" classname="AListAllTestNG"/>
  <testcase name="testAddStart_2" time="0.002" classname="AListAllTestNG"/>
  <testcase name="testMax_0_ex" time="0.003" classname="AListAllTestNG"/>
  <testcase name="testMin_0_ex" time="0.011" classname="AListAllTestNG"/>
  <testcase name="testAddPos_1_End" time="0.035" classname="AListAllTestNG"/>
  <testcase name="testAddEnd_many" time="0.007" classname="AListAllTestNG"/>
  <testcase name="testDelEnd_many" time="0.004" classname="AListAllTestNG"/>
  <testcase name="testSort_0" time="0.001" classname="AListAllTestNG"/>
  <testcase name="testToString_null" time="0.001" classname="AListAllTestNG"/>
  <testcase name="testAddEnd_many" time="0.005" classname="AListAllTestNG"/>
  <testcase name="testGet_1_1" time="0.024" classname="AListAllTestNG"/>
  <testcase name="testDelPos_1_1" time="0.162" classname="AListAllTestNG"/>
  <testcase name="testGet_1_1" time="0.002" classname="AListAllTestNG"/>
  <testcase name="testGet_2_2" time="0.025" classname="AListAllTestNG"/>
  <testcase name="testDelPos_2_2" time="0.223" classname="AListAllTestNG"/>
  <testcase name="testDelPos_many_ex" time="0.004" classname="AListAllTestNG"/>
  <testcase name="testSet_2_2" time="0.002" classname="AListAllTestNG"/>
  <testcase name="testsort_many" time="0.002" classname="AListAllTestNG"/>
  <testcase name="testMinInd_many" time="0.004" classname="AListAllTestNG"/>
  <testcase name="testSet_many_1" time="0.007" classname="AListAllTestNG"/>
  <testcase name="testMax_2" time="0.002" classname="AListAllTestNG"/>
  <testcase name="testSet_2_3" time="0.004" classname="AListAllTestNG"/>
  <testcase name="testAddEnd_0" time="0.009" classname="AListAllTestNG"/>
  <testcase name="testSet_1_2" time="0.004" classname="AListAllTestNG"/>
  <testcase name="testToString_many" time="0.002" classname="AListAllTestNG"/>
  <testcase name="testAddPos_2_End" time="0.007" classname="AListAllTestNG"/>
  <testcase name="testSort_2" time="0.004" classname="AListAllTestNG"/>
  <testcase name="testAddPos_many" time="0.003" classname="AListAllTestNG"/>
  <testcase name="testHalfReverse_0" time="0.002" classname="AListAllTestNG"/>
  <testcase name="testToString_null" time="0.002" classname="AListAllTestNG"/>
  <testcase name="testToString_many" time="0.001" classname="AListAllTestNG"/>
  <testcase name="testAddPos_1_Start" time="0.014" classname="AListAllTestNG"/>
  <testcase name="testDelEnd_0" time="0.002" classname="AListAllTestNG"/>
  <testcase name="testMin_0_ex" time="0.005" classname="AListAllTestNG"/>
  <testcase name="testSet_2_1" time="0.003" classname="AListAllTestNG"/>
  <testcase name="testAddPos_2_End" time="0.002" classname="AListAllTestNG"/>
  <testcase name="testToString_2" time="0.056" classname="AListAllTestNG"/>
  <testcase name="testSort_1" time="0.008" classname="AListAllTestNG"/>
  <testcase name="testGet_2_2" time="0.001" classname="AListAllTestNG"/>
  <testcase name="testToString_0" time="0.002" classname="AListAllTestNG"/>
  <testcase name="testdelEnd_1" time="0.002" classname="AListAllTestNG"/>
  <testcase name="testAddPos_many" time="0.006" classname="AListAllTestNG"/>
  <testcase name="testSet_null_ex" time="0.001" classname="AListAllTestNG"/>
  <testcase name="testAddPos_1_Start" time="0.003" classname="AListAllTestNG"/>
  <testcase name="testReverse_2" time="0.001" classname="AListAllTestNG"/>
  <testcase name="testToString_null" time="0.001" classname="AListAllTestNG"/>
  <testcase name="testDelEndt_2" time="0.003" classname="AListAllTestNG"/>
  <testcase name="testAddPos_1" time="0.004" classname="AListAllTestNG"/>
  <testcase name="testGet_0" time="0.002" classname="AListAllTestNG"/>
  <testcase name="testSet_0" time="0.001" classname="AListAllTestNG"/>
  <testcase name="testDelPos_many_3" time="0.001" classname="AListAllTestNG"/>
  <testcase name="testMinInd_many" time="0.001" classname="AListAllTestNG"/>
  <testcase name="testSet_1_1" time="0.002" classname="AListAllTestNG"/>
  <testcase name="testGet_2_1" time="0.002" classname="AListAllTestNG"/>
  <testcase name="testSort_2" time="0.002" classname="AListAllTestNG"/>
  <testcase name="testMinInd_0_ex" time="0.002" classname="AListAllTestNG"/>
  <testcase name="testAddPos_1" time="0.003" classname="AListAllTestNG"/>
  <testcase name="testHalfReverse_1" time="0.007" classname="AListAllTestNG"/>
  <testcase name="testDelPost_0" time="0.001" classname="AListAllTestNG"/>
  <testcase name="testhalfReverse_many" time="0.002" classname="AListAllTestNG"/>
  <testcase name="testMinInd_1" time="0.001" classname="AListAllTestNG"/>
  <testcase name="testReverse_1" time="0.002" classname="AListAllTestNG"/>
  <testcase name="testGet_many_1" time="0.012" classname="AListAllTestNG"/>
  <testcase name="testAddStart_0" time="0.007" classname="AListAllTestNG"/>
  <testcase name="testMaxInd_1" time="0.005" classname="AListAllTestNG"/>
  <testcase name="testAddEnd_0" time="0.007" classname="AListAllTestNG"/>
  <testcase name="testMinInd_0_ex" time="0.015" classname="AListAllTestNG"/>
  <testcase name="testHalfReverse_2" time="0.002" classname="AListAllTestNG"/>
  <testcase name="testGet_2_1" time="0.002" classname="AListAllTestNG"/>
  <testcase name="testGet_many_ex" time="0.003" classname="AListAllTestNG"/>
  <testcase name="testAddEnd_many" time="0.074" classname="AListAllTestNG"/>
  <testcase name="testMaxInd_many" time="0.005" classname="AListAllTestNG"/>
  <testcase name="testGet_many_ex" time="0.001" classname="AListAllTestNG"/>
  <testcase name="testdelStart_1" time="0.002" classname="AListAllTestNG"/>
  <testcase name="testSet_0" time="0.002" classname="AListAllTestNG"/>
  <testcase name="testsort_many" time="0.002" classname="AListAllTestNG"/>
  <testcase name="testReverse_1" time="0.009" classname="AListAllTestNG"/>
  <testcase name="testDelPos_2_1" time="0.003" classname="AListAllTestNG"/>
  <testcase name="testReverse_many" time="0.001" classname="AListAllTestNG"/>
  <testcase name="testReverse_0" time="0.003" classname="AListAllTestNG"/>
  <testcase name="testToString_many" time="0.002" classname="AListAllTestNG"/>
  <testcase name="testSort_2" time="0.002" classname="AListAllTestNG"/>
  <testcase name="testDelStart_2" time="0.006" classname="AListAllTestNG"/>
  <testcase name="testSort_0" time="0.004" classname="AListAllTestNG"/>
  <testcase name="testSort_1" time="0.002" classname="AListAllTestNG"/>
  <testcase name="testMin_1" time="0.042" classname="AListAllTestNG"/>
  <testcase name="testAddPos_1_End" time="0.008" classname="AListAllTestNG"/>
  <testcase name="testDelPos_2_3" time="0.015" classname="AListAllTestNG"/>
  <testcase name="testDelPos_many_1" time="0.026" classname="AListAllTestNG"/>
  <testcase name="testDelStart_0" time="0.002" classname="AListAllTestNG"/>
  <testcase name="testMax_many" time="0.002" classname="AListAllTestNG"/>
  <testcase name="testHalfReverse_0" time="0.003" classname="AListAllTestNG"/>
  <testcase name="testAddPos_0_ex" time="0.037" classname="AListAllTestNG"/>
  <testcase name="testDelPos_many_3" time="0.002" classname="AListAllTestNG"/>
  <testcase name="testReverse_2" time="0.005" classname="AListAllTestNG"/>
  <testcase name="testSet_2_3" time="0.002" classname="AListAllTestNG"/>
  <testcase name="testGet_1_2" time="0.004" classname="AListAllTestNG"/>
  <testcase name="testSet_0" time="0.005" classname="AListAllTestNG"/>
  <testcase name="testDelPos_many_ex" time="0.004" classname="AListAllTestNG"/>
  <testcase name="testAddEnd_1" time="0.006" classname="AListAllTestNG"/>
  <testcase name="testMinInd_2" time="0.003" classname="AListAllTestNG"/>
  <testcase name="testSet_2_1" time="0.008" classname="AListAllTestNG"/>
  <testcase name="testAddStart_many" time="0.007" classname="AListAllTestNG"/>
  <testcase name="testAddStart_1" time="0.002" classname="AListAllTestNG"/>
  <testcase name="testMaxInd_2" time="0.008" classname="AListAllTestNG"/>
  <testcase name="testMax_many" time="0.001" classname="AListAllTestNG"/>
  <testcase name="testSet_many_ex" time="0.006" classname="AListAllTestNG"/>
  <testcase name="testsort_many" time="0.002" classname="AListAllTestNG"/>
  <testcase name="testReverse_many" time="0.004" classname="AListAllTestNG"/>
  <testcase name="testSet_null_ex" time="0.002" classname="AListAllTestNG"/>
  <testcase name="testSet_1_2" time="0.008" classname="AListAllTestNG"/>
  <testcase name="testDelPos_1_2" time="0.058" classname="AListAllTestNG"/>
  <testcase name="testDelPos_1_2" time="0.007" classname="AListAllTestNG"/>
  <testcase name="testAddStart_many" time="0.002" classname="AListAllTestNG"/>
  <testcase name="testSet_null_ex" time="0.002" classname="AListAllTestNG"/>
  <testcase name="testSet_1_1" time="0.002" classname="AListAllTestNG"/>
  <testcase name="testToString_1" time="0.002" classname="AListAllTestNG"/>
  <testcase name="testGet_many_1" time="0.003" classname="AListAllTestNG"/>
</testsuite> <!-- AListAllTestNG -->
