<?xml version="1.0" encoding="UTF-8"?>
<!-- Generated by org.testng.reporters.JUnitReportReporter -->
<testsuite skipped="0" hostname="DESKTOP-6H7S8F8" name="NGTest" tests="81" failures="0" timestamp="29 мая 2017 16:48:39 GMT" time="1.978" errors="0">
  <testcase name="testhalfReverse_many" time="0.002" classname="NGTest"/>
  <testcase name="testAddEnd_0" time="0.094" classname="NGTest"/>
  <testcase name="testAddStart_0" time="0.007" classname="NGTest"/>
  <testcase name="testDelEndt_2" time="0.047" classname="NGTest"/>
  <testcase name="testMin_many" time="0.004" classname="NGTest"/>
  <testcase name="testSet_1_1" time="0.003" classname="NGTest"/>
  <testcase name="testDelEnd_many" time="0.023" classname="NGTest"/>
  <testcase name="testMinInd_0_ex" time="0.003" classname="NGTest"/>
  <testcase name="testAddStart_2" time="0.055" classname="NGTest"/>
  <testcase name="testToArray_2" time="0.001" classname="NGTest"/>
  <testcase name="testReverse_2" time="0.003" classname="NGTest"/>
  <testcase name="testAddPos_1_End" time="0.006" classname="NGTest"/>
  <testcase name="testDelStart_many" time="0.002" classname="NGTest"/>
  <testcase name="testDelStart_2" time="0.005" classname="NGTest"/>
  <testcase name="testDelPos_1_1" time="0.008" classname="NGTest"/>
  <testcase name="testMin_2" time="0.027" classname="NGTest"/>
  <testcase name="testAddEnd_2" time="0.011" classname="NGTest"/>
  <testcase name="testGet_1_1" time="0.016" classname="NGTest"/>
  <testcase name="testdelStart_1" time="0.035" classname="NGTest"/>
  <testcase name="testInt_null" time="0.017" classname="NGTest"/>
  <testcase name="testMinInd_many" time="0.066" classname="NGTest"/>
  <testcase name="testdelEnd_1" time="0.063" classname="NGTest"/>
  <testcase name="testDelPos_1_2" time="0.004" classname="NGTest"/>
  <testcase name="testGet_many_1" time="0.104" classname="NGTest"/>
  <testcase name="testDelEnd_0" time="0.003" classname="NGTest"/>
  <testcase name="testGet_2_2" time="0.010" classname="NGTest"/>
  <testcase name="testGet_2_1" time="0.005" classname="NGTest"/>
  <testcase name="testToArray_many" time="0.003" classname="NGTest"/>
  <testcase name="testAddPos_2_End" time="0.009" classname="NGTest"/>
  <testcase name="testSet_2_1" time="0.003" classname="NGTest"/>
  <testcase name="testAddEnd_many" time="0.010" classname="NGTest"/>
  <testcase name="testReverse_1" time="0.003" classname="NGTest"/>
  <testcase name="testDelPos_many_ex" time="0.015" classname="NGTest"/>
  <testcase name="testHalfReverse_1" time="0.001" classname="NGTest"/>
  <testcase name="testHalfReverse_2" time="0.048" classname="NGTest"/>
  <testcase name="testMaxInd_1" time="0.033" classname="NGTest"/>
  <testcase name="testDelPos_many_2" time="0.003" classname="NGTest"/>
  <testcase name="testSet_many_1" time="0.001" classname="NGTest"/>
  <testcase name="testDelPos_2_3" time="0.007" classname="NGTest"/>
  <testcase name="testDelPos_many_1" time="0.009" classname="NGTest"/>
  <testcase name="testGet_many_ex" time="0.035" classname="NGTest"/>
  <testcase name="testMaxInd_2" time="0.006" classname="NGTest"/>
  <testcase name="testSort_1" time="0.005" classname="NGTest"/>
  <testcase name="testMin_0_ex" time="0.002" classname="NGTest"/>
  <testcase name="testSet_2_2" time="0.002" classname="NGTest"/>
  <testcase name="testAddPos_1_Start" time="0.309" classname="NGTest"/>
  <testcase name="testMin_1" time="0.003" classname="NGTest"/>
  <testcase name="testMinInd_1" time="0.007" classname="NGTest"/>
  <testcase name="testInt_0" time="0.007" classname="NGTest"/>
  <testcase name="testReverse_many" time="0.054" classname="NGTest"/>
  <testcase name="testSet_2_3" time="0.002" classname="NGTest"/>
  <testcase name="testSet_1_2" time="0.047" classname="NGTest"/>
  <testcase name="testDelPos_2_2" time="0.005" classname="NGTest"/>
  <testcase name="testMinInd_2" time="0.003" classname="NGTest"/>
  <testcase name="testAddStart_1" time="0.008" classname="NGTest"/>
  <testcase name="testSort_0" time="0.003" classname="NGTest"/>
  <testcase name="testAddStart_many" time="0.044" classname="NGTest"/>
  <testcase name="testMax_0_ex" time="0.004" classname="NGTest"/>
  <testcase name="testSort_2" time="0.003" classname="NGTest"/>
  <testcase name="testAddPos_1" time="0.013" classname="NGTest"/>
  <testcase name="testAddPos_many" time="0.008" classname="NGTest"/>
  <testcase name="testInt_1" time="0.007" classname="NGTest"/>
  <testcase name="testMaxInd_0_ex" time="0.008" classname="NGTest"/>
  <testcase name="testGet_0" time="0.037" classname="NGTest"/>
  <testcase name="testMaxInd_many" time="0.031" classname="NGTest"/>
  <testcase name="testMax_2" time="0.028" classname="NGTest"/>
  <testcase name="testSet_many_ex" time="0.119" classname="NGTest"/>
  <testcase name="testsort_many" time="0.006" classname="NGTest"/>
  <testcase name="testSet_null_ex" time="0.002" classname="NGTest"/>
  <testcase name="testMax_1" time="0.018" classname="NGTest"/>
  <testcase name="testAddPos_0_ex" time="0.039" classname="NGTest"/>
  <testcase name="testDelPos_2_1" time="0.096" classname="NGTest"/>
  <testcase name="testHalfReverse_0" time="0.009" classname="NGTest"/>
  <testcase name="testDelPost_0" time="0.017" classname="NGTest"/>
  <testcase name="testMax_many" time="0.001" classname="NGTest"/>
  <testcase name="testAddEnd_1" time="0.011" classname="NGTest"/>
  <testcase name="testGet_1_2" time="0.004" classname="NGTest"/>
  <testcase name="testSet_0" time="0.008" classname="NGTest"/>
  <testcase name="testDelPos_many_3" time="0.190" classname="NGTest"/>
  <testcase name="testReverse_0" time="0.003" classname="NGTest"/>
  <testcase name="testDelStart_0" time="0.005" classname="NGTest"/>
</testsuite> <!-- NGTest -->
