<?xml version="1.0" encoding="UTF-8"?>
<!-- Generated by org.testng.reporters.JUnitReportReporter -->
<testsuite skipped="0" hostname="DESKTOP-6H7S8F8" name="SuiteNG" tests="1" failures="0" timestamp="30 мая 2017 14:36:12 GMT" time="0.139" errors="0">
  <testcase name="f" time="0.139" classname="SuiteNG"/>
</testsuite> <!-- SuiteNG -->
