<?xml version="1.0" encoding="UTF-8"?>
<!-- Generated by org.testng.reporters.JUnitReportReporter -->
<testsuite skipped="0" hostname="DESKTOP-6H7S8F8" name="InitFuncNG" tests="18" failures="0" timestamp="30 мая 2017 14:37:05 GMT" time="0.279" errors="0">
  <testcase name="testToArray_many" time="0.004" classname="InitFuncNG"/>
  <testcase name="testToArray_many" time="0.007" classname="InitFuncNG"/>
  <testcase name="testInt_null" time="0.003" classname="InitFuncNG"/>
  <testcase name="testInt_constr" time="0.009" classname="InitFuncNG"/>
  <testcase name="testInt_0" time="0.017" classname="InitFuncNG"/>
  <testcase name="testInt_constr" time="0.013" classname="InitFuncNG"/>
  <testcase name="testInt_0" time="0.024" classname="InitFuncNG"/>
  <testcase name="testInt_null" time="0.013" classname="InitFuncNG"/>
  <testcase name="testInt_1" time="0.012" classname="InitFuncNG"/>
  <testcase name="testInt_0" time="0.074" classname="InitFuncNG"/>
  <testcase name="testToArray_2" time="0.008" classname="InitFuncNG"/>
  <testcase name="testToArray_2" time="0.008" classname="InitFuncNG"/>
  <testcase name="testToArray_many" time="0.008" classname="InitFuncNG"/>
  <testcase name="testInt_1" time="0.036" classname="InitFuncNG"/>
  <testcase name="testInt_null" time="0.006" classname="InitFuncNG"/>
  <testcase name="testToArray_2" time="0.007" classname="InitFuncNG"/>
  <testcase name="testInt_constr" time="0.009" classname="InitFuncNG"/>
  <testcase name="testInt_1" time="0.021" classname="InitFuncNG"/>
</testsuite> <!-- InitFuncNG -->
