<?xml version="1.0" encoding="UTF-8"?>
<!-- Generated by org.testng.reporters.JUnitReportReporter -->
<testsuite skipped="0" hostname="DESKTOP-6H7S8F8" name="LListTest1NG" tests="30" failures="0" timestamp="05 июн 2017 13:06:55 GMT" time="0.881" errors="0">
  <testcase name="testToArray_2" time="0.008" classname="LListTest1NG"/>
  <testcase name="testToArray_2" time="0.003" classname="LListTest1NG"/>
  <testcase name="testAddStart_1" time="0.018" classname="LListTest1NG"/>
  <testcase name="testInt_constr" time="0.016" classname="LListTest1NG"/>
  <testcase name="testInt_1" time="0.017" classname="LListTest1NG"/>
  <testcase name="testAddStart_many" time="0.013" classname="LListTest1NG"/>
  <testcase name="testInt_constr" time="0.032" classname="LListTest1NG"/>
  <testcase name="testInt_constr" time="0.004" classname="LListTest1NG"/>
  <testcase name="testAddStart_2" time="0.007" classname="LListTest1NG"/>
  <testcase name="testAddStart_0" time="0.019" classname="LListTest1NG"/>
  <testcase name="testInt_null" time="0.004" classname="LListTest1NG"/>
  <testcase name="testToArray_many" time="0.246" classname="LListTest1NG"/>
  <testcase name="testInt_1" time="0.007" classname="LListTest1NG"/>
  <testcase name="testAddStart_0" time="0.049" classname="LListTest1NG"/>
  <testcase name="testAddStart_2" time="0.012" classname="LListTest1NG"/>
  <testcase name="testAddStart_0" time="0.052" classname="LListTest1NG"/>
  <testcase name="testInt_0" time="0.007" classname="LListTest1NG"/>
  <testcase name="testAddStart_2" time="0.009" classname="LListTest1NG"/>
  <testcase name="testToArray_many" time="0.218" classname="LListTest1NG"/>
  <testcase name="testAddStart_1" time="0.015" classname="LListTest1NG"/>
  <testcase name="testToArray_2" time="0.006" classname="LListTest1NG"/>
  <testcase name="testAddStart_1" time="0.015" classname="LListTest1NG"/>
  <testcase name="testInt_null" time="0.006" classname="LListTest1NG"/>
  <testcase name="testInt_null" time="0.053" classname="LListTest1NG"/>
  <testcase name="testInt_0" time="0.011" classname="LListTest1NG"/>
  <testcase name="testInt_0" time="0.002" classname="LListTest1NG"/>
  <testcase name="testAddStart_many" time="0.007" classname="LListTest1NG"/>
  <testcase name="testAddStart_many" time="0.018" classname="LListTest1NG"/>
  <testcase name="testToArray_many" time="0.004" classname="LListTest1NG"/>
  <testcase name="testInt_1" time="0.003" classname="LListTest1NG"/>
</testsuite> <!-- LListTest1NG -->
